<?xml version="1.0" encoding="UTF-8"?>
<testsuite name="org.example.obserable.ObservableUtilTest" tests="1" skipped="0" failures="0" errors="0" timestamp="2023-03-26T17:56:47" hostname="srijans-MacBook-Air.local" time="0.017">
  <properties/>
  <testcase name="test_filter_method_of_observable()" classname="org.example.obserable.ObservableUtilTest" time="0.017"/>
  <system-out><![CDATA[]]></system-out>
  <system-err><![CDATA[]]></system-err>
</testsuite>
